TN:
SF:/home/user/PROJECTS/C6_s21_matrix.ID_353530-1/src/s21_create_matrix.c
FN:3,17,s21_create_matrix
FNDA:129,s21_create_matrix
FNF:1
FNH:1
BRDA:4,0,0,128
BRDA:4,0,1,1
BRDA:4,0,2,127
BRDA:4,0,3,1
BRDA:4,0,4,1
BRDA:4,0,5,126
BRDA:12,0,0,266
BRDA:12,0,1,126
BRF:8
BRH:8
DA:3,129
DA:4,129
DA:5,3
DA:8,126
DA:9,126
DA:11,126
DA:12,392
DA:13,266
DA:16,126
LF:9
LH:9
end_of_record
TN:
SF:/home/user/PROJECTS/C6_s21_matrix.ID_353530-1/src/s21_determinant.c
FN:5,51,s21_determinant
FNDA:12,s21_determinant
FNF:1
FNH:1
BRDA:6,0,0,9
BRDA:6,0,1,3
BRDA:6,0,2,0
BRDA:6,0,3,9
BRDA:11,0,0,2
BRDA:11,0,1,7
BRDA:15,0,0,7
BRDA:15,0,1,2
BRDA:16,0,0,1
BRDA:16,0,1,6
BRDA:16,0,2,1
BRDA:16,0,3,0
BRDA:18,0,0,1
BRDA:18,0,1,5
BRDA:26,0,0,13
BRDA:26,0,1,5
BRDA:27,0,0,25
BRDA:27,0,1,13
BRDA:29,0,0,24
BRDA:29,0,1,1
BRDA:30,0,0,2
BRDA:30,0,1,22
BRDA:43,0,0,13
BRDA:43,0,1,5
BRF:24
BRH:22
DA:5,12
DA:6,12
DA:7,3
DA:10,9
DA:11,9
DA:12,2
DA:15,9
DA:16,7
DA:17,1
DA:18,6
DA:19,1
DA:22,5
DA:23,5
DA:24,5
DA:26,18
DA:27,38
DA:28,25
DA:29,25
DA:30,24
DA:31,2
DA:32,2
DA:34,22
DA:35,22
DA:36,22
DA:37,22
DA:42,5
DA:43,18
DA:44,13
DA:46,5
DA:50,9
LF:30
LH:30
end_of_record
TN:
SF:/home/user/PROJECTS/C6_s21_matrix.ID_353530-1/src/s21_eq_matrix.c
FN:4,24,s21_eq_matrix
FNDA:29,s21_eq_matrix
FNF:1
FNH:1
BRDA:5,0,0,26
BRDA:5,0,1,3
BRDA:5,0,2,0
BRDA:5,0,3,26
BRDA:11,0,0,25
BRDA:11,0,1,1
BRDA:11,0,2,1
BRDA:11,0,3,24
BRDA:15,0,0,61
BRDA:15,0,1,7
BRDA:15,0,2,42
BRDA:15,0,3,19
BRDA:16,0,0,126
BRDA:16,0,1,5
BRDA:16,0,2,89
BRDA:16,0,3,37
BRDA:17,0,0,5
BRDA:17,0,1,84
BRF:18
BRH:17
DA:4,29
DA:5,29
DA:6,3
DA:9,26
DA:11,26
DA:12,2
DA:15,68
DA:16,131
DA:17,89
DA:18,5
DA:23,26
LF:11
LH:11
end_of_record
TN:
SF:/home/user/PROJECTS/C6_s21_matrix.ID_353530-1/src/s21_helpers.c
FN:105,111,s21_mul_compl
FN:113,121,s21_clean_matrix
FN:16,22,s21_init_matrix
FN:25,32,s21_print_matrix
FN:34,38,s21_mult_number_str_matrix
FN:4,6,is_valid_matrix
FN:40,44,s21_sub_matrix_str
FN:46,74,zero_row_col_check
FN:76,83,s21_change_rows
FN:8,14,s21_copy_matrix
FN:85,89,s21_mul_neg1
FN:91,103,s21_init_minor_matrix
FNDA:0,s21_mul_compl
FNDA:0,s21_clean_matrix
FNDA:65,s21_init_matrix
FNDA:0,s21_print_matrix
FNDA:22,s21_mult_number_str_matrix
FNDA:117,is_valid_matrix
FNDA:22,s21_sub_matrix_str
FNDA:6,zero_row_col_check
FNDA:2,s21_change_rows
FNDA:5,s21_copy_matrix
FNDA:2,s21_mul_neg1
FNDA:0,s21_init_minor_matrix
FNF:12
FNH:8
BRDA:5,0,0,103
BRDA:5,0,1,14
BRDA:5,0,2,90
BRDA:5,0,3,13
BRDA:5,0,4,90
BRDA:5,0,5,0
BRDA:5,0,6,90
BRDA:5,0,7,0
BRDA:9,0,0,18
BRDA:9,0,1,5
BRDA:10,0,0,68
BRDA:10,0,1,18
BRDA:17,0,0,131
BRDA:17,0,1,65
BRDA:18,0,0,323
BRDA:18,0,1,131
BRDA:26,0,0,-
BRDA:26,0,1,-
BRDA:27,0,0,-
BRDA:27,0,1,-
BRDA:35,0,0,89
BRDA:35,0,1,22
BRDA:41,0,0,89
BRDA:41,0,1,22
BRDA:49,0,0,20
BRDA:49,0,1,5
BRDA:49,0,2,19
BRDA:49,0,3,1
BRDA:51,0,0,71
BRDA:51,0,1,19
BRDA:52,0,0,9
BRDA:52,0,1,62
BRDA:56,0,0,1
BRDA:56,0,1,18
BRDA:61,0,0,19
BRDA:61,0,1,5
BRDA:61,0,2,18
BRDA:61,0,3,1
BRDA:63,0,0,68
BRDA:63,0,1,18
BRDA:64,0,0,6
BRDA:64,0,1,62
BRDA:68,0,0,0
BRDA:68,0,1,18
BRDA:78,0,0,9
BRDA:78,0,1,2
BRDA:86,0,0,9
BRDA:86,0,1,2
BRDA:93,0,0,-
BRDA:93,0,1,-
BRDA:95,0,0,-
BRDA:95,0,1,-
BRDA:95,0,2,-
BRDA:95,0,3,-
BRDA:96,0,0,-
BRDA:96,0,1,-
BRDA:101,0,0,-
BRDA:101,0,1,-
BRDA:106,0,0,-
BRDA:106,0,1,-
BRDA:107,0,0,-
BRDA:107,0,1,-
BRDA:114,0,0,-
BRDA:114,0,1,-
BRDA:115,0,0,-
BRDA:115,0,1,-
BRF:66
BRH:41
DA:4,117
DA:5,117
DA:8,5
DA:9,23
DA:10,86
DA:11,68
DA:14,5
DA:16,65
DA:17,196
DA:18,454
DA:19,323
DA:22,65
DA:25,0
DA:26,0
DA:27,0
DA:28,0
DA:30,0
DA:32,0
DA:34,22
DA:35,111
DA:36,89
DA:38,22
DA:40,22
DA:41,111
DA:42,89
DA:44,22
DA:46,6
DA:47,6
DA:49,25
DA:50,19
DA:51,90
DA:52,71
DA:53,9
DA:56,19
DA:57,1
DA:61,24
DA:62,18
DA:63,86
DA:64,68
DA:65,6
DA:68,18
DA:69,0
DA:73,6
DA:76,2
DA:78,11
DA:79,9
DA:80,9
DA:81,9
DA:83,2
DA:85,2
DA:86,11
DA:87,9
DA:89,2
DA:91,0
DA:92,0
DA:93,0
DA:94,0
DA:95,0
DA:96,0
DA:97,0
DA:98,0
DA:101,0
DA:103,0
DA:105,0
DA:106,0
DA:107,0
DA:108,0
DA:111,0
DA:113,0
DA:114,0
DA:115,0
DA:116,0
DA:119,0
DA:120,0
DA:121,0
LF:75
LH:46
end_of_record
TN:
SF:/home/user/PROJECTS/C6_s21_matrix.ID_353530-1/src/s21_mult_matrix.c
FN:4,27,s21_mult_matrix
FNDA:8,s21_mult_matrix
FNF:1
FNH:1
BRDA:5,0,0,3
BRDA:5,0,1,5
BRDA:5,0,2,3
BRDA:5,0,3,0
BRDA:5,0,4,0
BRDA:5,0,5,3
BRDA:11,0,0,1
BRDA:11,0,1,2
BRDA:13,0,0,2
BRDA:13,0,1,1
BRDA:15,0,0,5
BRDA:15,0,1,1
BRDA:15,0,2,3
BRDA:15,0,3,2
BRDA:16,0,0,5
BRDA:16,0,1,3
BRDA:19,0,0,9
BRDA:19,0,1,5
BRF:18
BRH:16
DA:4,8
DA:5,8
DA:6,5
DA:9,3
DA:11,3
DA:13,3
DA:15,6
DA:16,8
DA:17,5
DA:18,5
DA:19,14
DA:20,9
DA:21,9
DA:26,3
LF:14
LH:14
end_of_record
TN:
SF:/home/user/PROJECTS/C6_s21_matrix.ID_353530-1/src/s21_mult_number.c
FN:4,18,s21_mult_number
FNDA:6,s21_mult_number
FNF:1
FNH:1
BRDA:5,0,0,3
BRDA:5,0,1,3
BRDA:5,0,2,0
BRDA:5,0,3,3
BRDA:11,0,0,5
BRDA:11,0,1,3
BRDA:12,0,0,11
BRDA:12,0,1,5
BRF:8
BRH:7
DA:4,6
DA:5,6
DA:6,3
DA:9,3
DA:11,8
DA:12,16
DA:13,11
DA:17,3
LF:8
LH:8
end_of_record
TN:
SF:/home/user/PROJECTS/C6_s21_matrix.ID_353530-1/src/s21_remove_matrix.c
FN:3,15,s21_remove_matrix
FNDA:126,s21_remove_matrix
FNF:1
FNH:1
BRDA:4,0,0,1
BRDA:4,0,1,125
BRDA:6,0,0,123
BRDA:6,0,1,2
BRDA:7,0,0,263
BRDA:7,0,1,123
BRF:6
BRH:6
DA:3,126
DA:4,126
DA:6,125
DA:7,386
DA:8,263
DA:10,123
DA:12,125
DA:13,125
DA:14,125
LF:9
LH:9
end_of_record
TN:
SF:/home/user/PROJECTS/C6_s21_matrix.ID_353530-1/src/s21_sub_matrix.c
FN:4,25,s21_sub_matrix
FNDA:9,s21_sub_matrix
FNF:1
FNH:1
BRDA:5,0,0,4
BRDA:5,0,1,5
BRDA:5,0,2,4
BRDA:5,0,3,0
BRDA:5,0,4,0
BRDA:5,0,5,4
BRDA:11,0,0,3
BRDA:11,0,1,1
BRDA:11,0,2,1
BRDA:11,0,3,2
BRDA:15,0,0,2
BRDA:15,0,1,2
BRDA:17,0,0,4
BRDA:17,0,1,2
BRDA:18,0,0,10
BRDA:18,0,1,4
BRF:16
BRH:14
DA:4,9
DA:5,9
DA:6,5
DA:9,4
DA:11,4
DA:12,2
DA:15,4
DA:16,2
DA:17,6
DA:18,14
DA:19,10
DA:24,4
LF:12
LH:12
end_of_record
TN:
SF:/home/user/PROJECTS/C6_s21_matrix.ID_353530-1/src/s21_sum_matrix.c
FN:4,24,s21_sum_matrix
FNDA:9,s21_sum_matrix
FNF:1
FNH:1
BRDA:5,0,0,4
BRDA:5,0,1,5
BRDA:5,0,2,4
BRDA:5,0,3,0
BRDA:5,0,4,0
BRDA:5,0,5,4
BRDA:11,0,0,3
BRDA:11,0,1,1
BRDA:11,0,2,1
BRDA:11,0,3,2
BRDA:15,0,0,2
BRDA:15,0,1,2
BRDA:17,0,0,4
BRDA:17,0,1,2
BRDA:18,0,0,10
BRDA:18,0,1,4
BRF:16
BRH:14
DA:4,9
DA:5,9
DA:6,5
DA:9,4
DA:11,4
DA:12,2
DA:15,4
DA:16,2
DA:17,6
DA:18,14
DA:19,10
DA:23,4
LF:12
LH:12
end_of_record
TN:
SF:/home/user/PROJECTS/C6_s21_matrix.ID_353530-1/src/s21_transpose.c
FN:4,17,s21_transpose
FNDA:7,s21_transpose
FNF:1
FNH:1
BRDA:5,0,0,4
BRDA:5,0,1,3
BRDA:5,0,2,0
BRDA:5,0,3,4
BRDA:10,0,0,9
BRDA:10,0,1,4
BRDA:11,0,0,18
BRDA:11,0,1,9
BRF:8
BRH:7
DA:4,7
DA:5,7
DA:6,3
DA:9,4
DA:10,13
DA:11,27
DA:12,18
DA:16,4
LF:8
LH:8
end_of_record
TN:
SF:/home/user/PROJECTS/C6_s21_matrix.ID_353530-1/src/tests/create_test.c
FN:11,15,create_incorr2_fn
FN:18,22,create_incorr3_fn
FN:25,32,create_corr1_fn
FN:35,42,create_corr2_fn
FN:45,52,create_corr3_fn
FN:55,68,create_suite
FN:6,8,create_incorr1_fn
FNDA:1,create_incorr2_fn
FNDA:1,create_incorr3_fn
FNDA:1,create_corr1_fn
FNDA:1,create_corr2_fn
FNDA:1,create_corr3_fn
FNDA:79,create_suite
FNDA:1,create_incorr1_fn
FNF:7
FNH:7
BRDA:7,0,0,1
BRDA:7,0,1,0
BRDA:13,0,0,1
BRDA:13,0,1,0
BRDA:14,0,0,1
BRDA:14,0,1,0
BRDA:20,0,0,1
BRDA:20,0,1,0
BRDA:21,0,0,1
BRDA:21,0,1,0
BRDA:27,0,0,1
BRDA:27,0,1,0
BRDA:28,0,0,1
BRDA:28,0,1,0
BRDA:29,0,0,1
BRDA:29,0,1,0
BRDA:30,0,0,1
BRDA:30,0,1,0
BRDA:37,0,0,1
BRDA:37,0,1,0
BRDA:38,0,0,1
BRDA:38,0,1,0
BRDA:39,0,0,1
BRDA:39,0,1,0
BRDA:40,0,0,1
BRDA:40,0,1,0
BRDA:47,0,0,1
BRDA:47,0,1,0
BRDA:48,0,0,1
BRDA:48,0,1,0
BRDA:49,0,0,1
BRDA:49,0,1,0
BRDA:50,0,0,1
BRDA:50,0,1,0
BRF:34
BRH:17
DA:6,1
DA:7,1
DA:8,1
DA:11,1
DA:12,1
DA:13,1
DA:14,1
DA:15,1
DA:18,1
DA:19,1
DA:20,1
DA:21,1
DA:22,1
DA:25,1
DA:26,1
DA:27,1
DA:28,1
DA:29,1
DA:30,1
DA:31,1
DA:32,1
DA:35,1
DA:36,1
DA:37,1
DA:38,1
DA:39,1
DA:40,1
DA:41,1
DA:42,1
DA:45,1
DA:46,1
DA:47,1
DA:48,1
DA:49,1
DA:50,1
DA:51,1
DA:52,1
DA:55,79
DA:56,79
DA:57,79
DA:59,79
DA:60,79
DA:61,79
DA:62,79
DA:63,79
DA:64,79
DA:66,79
DA:67,79
LF:48
LH:48
end_of_record
TN:
SF:/home/user/PROJECTS/C6_s21_matrix.ID_353530-1/src/tests/determinant_test.c
FN:102,114,determinant_corr5_fn
FN:117,129,determinant_corr6_fn
FN:13,16,determinant_incorr2_fn
FN:132,144,determinant_corr7_fn
FN:147,166,determinant_suite
FN:19,21,determinant_incorr3_fn
FN:24,30,determinant_incorr4_fn
FN:33,39,determinant_incorr5_fn
FN:42,54,determinant_corr1_fn
FN:57,69,determinant_corr2_fn
FN:7,10,determinant_incorr1_fn
FN:72,84,determinant_corr3_fn
FN:87,99,determinant_corr4_fn
FNDA:1,determinant_corr5_fn
FNDA:1,determinant_corr6_fn
FNDA:1,determinant_incorr2_fn
FNDA:1,determinant_corr7_fn
FNDA:79,determinant_suite
FNDA:1,determinant_incorr3_fn
FNDA:1,determinant_incorr4_fn
FNDA:1,determinant_incorr5_fn
FNDA:1,determinant_corr1_fn
FNDA:1,determinant_corr2_fn
FNDA:1,determinant_incorr1_fn
FNDA:1,determinant_corr3_fn
FNDA:1,determinant_corr4_fn
FNF:13
FNH:13
BRDA:9,0,0,1
BRDA:9,0,1,0
BRDA:15,0,0,1
BRDA:15,0,1,0
BRDA:20,0,0,1
BRDA:20,0,1,0
BRDA:28,0,0,1
BRDA:28,0,1,0
BRDA:37,0,0,1
BRDA:37,0,1,0
BRDA:51,0,0,1
BRDA:51,0,1,0
BRDA:52,0,0,1
BRDA:52,0,1,0
BRDA:66,0,0,1
BRDA:66,0,1,0
BRDA:67,0,0,1
BRDA:67,0,1,0
BRDA:81,0,0,1
BRDA:81,0,1,0
BRDA:82,0,0,1
BRDA:82,0,1,0
BRDA:96,0,0,1
BRDA:96,0,1,0
BRDA:97,0,0,1
BRDA:97,0,1,0
BRDA:111,0,0,1
BRDA:111,0,1,0
BRDA:112,0,0,1
BRDA:112,0,1,0
BRDA:126,0,0,1
BRDA:126,0,1,0
BRDA:127,0,0,1
BRDA:127,0,1,0
BRDA:141,0,0,1
BRDA:141,0,1,0
BRDA:142,0,0,1
BRDA:142,0,1,0
BRF:38
BRH:19
DA:7,1
DA:9,1
DA:10,1
DA:13,1
DA:14,1
DA:15,1
DA:16,1
DA:19,1
DA:20,1
DA:21,1
DA:24,1
DA:27,1
DA:28,1
DA:29,1
DA:30,1
DA:33,1
DA:36,1
DA:37,1
DA:38,1
DA:39,1
DA:42,1
DA:45,1
DA:47,1
DA:48,1
DA:49,1
DA:51,1
DA:52,1
DA:53,1
DA:54,1
DA:57,1
DA:60,1
DA:62,1
DA:63,1
DA:64,1
DA:66,1
DA:67,1
DA:68,1
DA:69,1
DA:72,1
DA:75,1
DA:77,1
DA:78,1
DA:79,1
DA:81,1
DA:82,1
DA:83,1
DA:84,1
DA:87,1
DA:90,1
DA:92,1
DA:93,1
DA:94,1
DA:96,1
DA:97,1
DA:98,1
DA:99,1
DA:102,1
DA:105,1
DA:107,1
DA:108,1
DA:109,1
DA:111,1
DA:112,1
DA:113,1
DA:114,1
DA:117,1
DA:120,1
DA:122,1
DA:123,1
DA:124,1
DA:126,1
DA:127,1
DA:128,1
DA:129,1
DA:132,1
DA:135,1
DA:137,1
DA:138,1
DA:139,1
DA:141,1
DA:142,1
DA:143,1
DA:144,1
DA:147,79
DA:148,79
DA:149,79
DA:151,79
DA:152,79
DA:153,79
DA:154,79
DA:155,79
DA:156,79
DA:157,79
DA:158,79
DA:159,79
DA:160,79
DA:161,79
DA:162,79
DA:164,79
DA:165,79
LF:100
LH:100
end_of_record
TN:
SF:/home/user/PROJECTS/C6_s21_matrix.ID_353530-1/src/tests/eq_test.c
FN:110,122,eq_corr_f7_fn
FN:125,137,eq_corr1_fn
FN:13,16,eq_incorr2_fn
FN:140,152,eq_corr2_fn
FN:155,167,eq_corr3_fn
FN:170,182,eq_corr4_fn
FN:185,197,eq_corr5_fn
FN:19,21,eq_incorr3_fn
FN:200,212,eq_corr6_fn
FN:215,238,eq_suite
FN:24,32,eq_corr_f1_fn
FN:35,47,eq_corr_f2_fn
FN:50,62,eq_corr_f3_fn
FN:65,77,eq_corr_f4_fn
FN:7,10,eq_incorr1_fn
FN:80,92,eq_corr_f5_fn
FN:95,107,eq_corr_f6_fn
FNDA:1,eq_corr_f7_fn
FNDA:1,eq_corr1_fn
FNDA:1,eq_incorr2_fn
FNDA:1,eq_corr2_fn
FNDA:1,eq_corr3_fn
FNDA:1,eq_corr4_fn
FNDA:1,eq_corr5_fn
FNDA:1,eq_incorr3_fn
FNDA:1,eq_corr6_fn
FNDA:79,eq_suite
FNDA:1,eq_corr_f1_fn
FNDA:1,eq_corr_f2_fn
FNDA:1,eq_corr_f3_fn
FNDA:1,eq_corr_f4_fn
FNDA:1,eq_incorr1_fn
FNDA:1,eq_corr_f5_fn
FNDA:1,eq_corr_f6_fn
FNF:17
FNH:17
BRDA:9,0,0,1
BRDA:9,0,1,0
BRDA:15,0,0,1
BRDA:15,0,1,0
BRDA:20,0,0,1
BRDA:20,0,1,0
BRDA:29,0,0,1
BRDA:29,0,1,0
BRDA:44,0,0,1
BRDA:44,0,1,0
BRDA:59,0,0,1
BRDA:59,0,1,0
BRDA:74,0,0,1
BRDA:74,0,1,0
BRDA:89,0,0,1
BRDA:89,0,1,0
BRDA:104,0,0,1
BRDA:104,0,1,0
BRDA:119,0,0,1
BRDA:119,0,1,0
BRDA:134,0,0,1
BRDA:134,0,1,0
BRDA:149,0,0,1
BRDA:149,0,1,0
BRDA:164,0,0,1
BRDA:164,0,1,0
BRDA:179,0,0,1
BRDA:179,0,1,0
BRDA:194,0,0,1
BRDA:194,0,1,0
BRDA:209,0,0,1
BRDA:209,0,1,0
BRF:32
BRH:16
DA:7,1
DA:8,1
DA:9,1
DA:10,1
DA:13,1
DA:14,1
DA:15,1
DA:16,1
DA:19,1
DA:20,1
DA:21,1
DA:24,1
DA:27,1
DA:28,1
DA:29,1
DA:30,1
DA:31,1
DA:32,1
DA:35,1
DA:38,1
DA:39,1
DA:40,1
DA:41,1
DA:42,1
DA:43,1
DA:44,1
DA:45,1
DA:46,1
DA:47,1
DA:50,1
DA:53,1
DA:54,1
DA:55,1
DA:56,1
DA:57,1
DA:58,1
DA:59,1
DA:60,1
DA:61,1
DA:62,1
DA:65,1
DA:68,1
DA:69,1
DA:70,1
DA:71,1
DA:72,1
DA:73,1
DA:74,1
DA:75,1
DA:76,1
DA:77,1
DA:80,1
DA:83,1
DA:84,1
DA:85,1
DA:86,1
DA:87,1
DA:88,1
DA:89,1
DA:90,1
DA:91,1
DA:92,1
DA:95,1
DA:98,1
DA:99,1
DA:100,1
DA:101,1
DA:102,1
DA:103,1
DA:104,1
DA:105,1
DA:106,1
DA:107,1
DA:110,1
DA:113,1
DA:114,1
DA:115,1
DA:116,1
DA:117,1
DA:118,1
DA:119,1
DA:120,1
DA:121,1
DA:122,1
DA:125,1
DA:128,1
DA:129,1
DA:130,1
DA:131,1
DA:132,1
DA:133,1
DA:134,1
DA:135,1
DA:136,1
DA:137,1
DA:140,1
DA:143,1
DA:144,1
DA:145,1
DA:146,1
DA:147,1
DA:148,1
DA:149,1
DA:150,1
DA:151,1
DA:152,1
DA:155,1
DA:158,1
DA:159,1
DA:160,1
DA:161,1
DA:162,1
DA:163,1
DA:164,1
DA:165,1
DA:166,1
DA:167,1
DA:170,1
DA:173,1
DA:174,1
DA:175,1
DA:176,1
DA:177,1
DA:178,1
DA:179,1
DA:180,1
DA:181,1
DA:182,1
DA:185,1
DA:188,1
DA:189,1
DA:190,1
DA:191,1
DA:192,1
DA:193,1
DA:194,1
DA:195,1
DA:196,1
DA:197,1
DA:200,1
DA:203,1
DA:204,1
DA:205,1
DA:206,1
DA:207,1
DA:208,1
DA:209,1
DA:210,1
DA:211,1
DA:212,1
DA:215,79
DA:216,79
DA:217,79
DA:219,79
DA:220,79
DA:221,79
DA:222,79
DA:223,79
DA:224,79
DA:225,79
DA:226,79
DA:227,79
DA:228,79
DA:229,79
DA:230,79
DA:231,79
DA:232,79
DA:233,79
DA:234,79
DA:236,79
DA:237,79
LF:171
LH:171
end_of_record
TN:
SF:/home/user/PROJECTS/C6_s21_matrix.ID_353530-1/src/tests/mult_num_test.c
FN:100,113,mult_num_suite
FN:14,18,mult_num_incorr2_fn
FN:22,25,mult_num_incorr3_fn
FN:28,49,mult_num_corr1_fn
FN:52,73,mult_num_corr2_fn
FN:7,11,mult_num_incorr1_fn
FN:76,97,mult_num_corr3_fn
FNDA:79,mult_num_suite
FNDA:1,mult_num_incorr2_fn
FNDA:1,mult_num_incorr3_fn
FNDA:1,mult_num_corr1_fn
FNDA:1,mult_num_corr2_fn
FNDA:1,mult_num_incorr1_fn
FNDA:1,mult_num_corr3_fn
FNF:7
FNH:7
BRDA:10,0,0,1
BRDA:10,0,1,0
BRDA:17,0,0,1
BRDA:17,0,1,0
BRDA:24,0,0,1
BRDA:24,0,1,0
BRDA:38,0,0,1
BRDA:38,0,1,0
BRDA:44,0,0,1
BRDA:44,0,1,0
BRDA:62,0,0,1
BRDA:62,0,1,0
BRDA:68,0,0,1
BRDA:68,0,1,0
BRDA:86,0,0,1
BRDA:86,0,1,0
BRDA:92,0,0,1
BRDA:92,0,1,0
BRF:18
BRH:9
DA:7,1
DA:8,1
DA:9,1
DA:10,1
DA:11,1
DA:14,1
DA:16,1
DA:17,1
DA:18,1
DA:22,1
DA:23,1
DA:24,1
DA:25,1
DA:28,1
DA:30,1
DA:34,1
DA:35,1
DA:36,1
DA:38,1
DA:40,1
DA:41,1
DA:42,1
DA:44,1
DA:46,1
DA:47,1
DA:48,1
DA:49,1
DA:52,1
DA:54,1
DA:58,1
DA:59,1
DA:60,1
DA:62,1
DA:64,1
DA:65,1
DA:66,1
DA:68,1
DA:70,1
DA:71,1
DA:72,1
DA:73,1
DA:76,1
DA:78,1
DA:82,1
DA:83,1
DA:84,1
DA:86,1
DA:88,1
DA:89,1
DA:90,1
DA:92,1
DA:94,1
DA:95,1
DA:96,1
DA:97,1
DA:100,79
DA:101,79
DA:102,79
DA:104,79
DA:105,79
DA:106,79
DA:107,79
DA:108,79
DA:109,79
DA:111,79
DA:112,79
LF:66
LH:66
end_of_record
TN:
SF:/home/user/PROJECTS/C6_s21_matrix.ID_353530-1/src/tests/mult_test.c
FN:111,126,mult_suite
FN:14,18,mult_incorr2_fn
FN:21,25,mult_incorr3_fn
FN:28,30,mult_incorr4_fn
FN:33,38,mult_incorr5_fn
FN:41,50,mult_incorr6_fn
FN:53,79,mult_corr1_fn
FN:7,11,mult_incorr1_fn
FN:82,108,mult_corr2_fn
FNDA:79,mult_suite
FNDA:1,mult_incorr2_fn
FNDA:1,mult_incorr3_fn
FNDA:1,mult_incorr4_fn
FNDA:1,mult_incorr5_fn
FNDA:1,mult_incorr6_fn
FNDA:1,mult_corr1_fn
FNDA:1,mult_incorr1_fn
FNDA:1,mult_corr2_fn
FNF:9
FNH:9
BRDA:10,0,0,1
BRDA:10,0,1,0
BRDA:17,0,0,1
BRDA:17,0,1,0
BRDA:24,0,0,1
BRDA:24,0,1,0
BRDA:29,0,0,1
BRDA:29,0,1,0
BRDA:37,0,0,1
BRDA:37,0,1,0
BRDA:47,0,0,1
BRDA:47,0,1,0
BRDA:67,0,0,1
BRDA:67,0,1,0
BRDA:73,0,0,1
BRDA:73,0,1,0
BRDA:96,0,0,1
BRDA:96,0,1,0
BRDA:102,0,0,1
BRDA:102,0,1,0
BRF:20
BRH:10
DA:7,1
DA:8,1
DA:9,1
DA:10,1
DA:11,1
DA:14,1
DA:15,1
DA:17,1
DA:18,1
DA:21,1
DA:22,1
DA:24,1
DA:25,1
DA:28,1
DA:29,1
DA:30,1
DA:33,1
DA:34,1
DA:35,1
DA:37,1
DA:38,1
DA:41,1
DA:45,1
DA:46,1
DA:47,1
DA:48,1
DA:49,1
DA:50,1
DA:53,1
DA:59,1
DA:60,1
DA:61,1
DA:63,1
DA:64,1
DA:65,1
DA:67,1
DA:69,1
DA:70,1
DA:71,1
DA:73,1
DA:75,1
DA:76,1
DA:77,1
DA:78,1
DA:79,1
DA:82,1
DA:88,1
DA:89,1
DA:90,1
DA:92,1
DA:93,1
DA:94,1
DA:96,1
DA:98,1
DA:99,1
DA:100,1
DA:102,1
DA:104,1
DA:105,1
DA:106,1
DA:107,1
DA:108,1
DA:111,79
DA:112,79
DA:113,79
DA:115,79
DA:116,79
DA:117,79
DA:118,79
DA:119,79
DA:120,79
DA:121,79
DA:122,79
DA:124,79
DA:125,79
LF:75
LH:75
end_of_record
TN:
SF:/home/user/PROJECTS/C6_s21_matrix.ID_353530-1/src/tests/remove_test.c
FN:12,19,remove_incorr2_fn
FN:22,32,remove_corr1_fn
FN:35,44,remove_corr2_fn
FN:47,58,remove_corr3_fn
FN:61,73,remove_suite
FN:7,9,remove_incorr1_fn
FNDA:1,remove_incorr2_fn
FNDA:1,remove_corr1_fn
FNDA:1,remove_corr2_fn
FNDA:1,remove_corr3_fn
FNDA:79,remove_suite
FNDA:1,remove_incorr1_fn
FNF:6
FNH:6
BRDA:16,0,0,1
BRDA:16,0,1,0
BRDA:17,0,0,1
BRDA:17,0,1,0
BRDA:18,0,0,1
BRDA:18,0,1,0
BRDA:29,0,0,1
BRDA:29,0,1,0
BRDA:30,0,0,1
BRDA:30,0,1,0
BRDA:31,0,0,1
BRDA:31,0,1,0
BRDA:41,0,0,1
BRDA:41,0,1,0
BRDA:42,0,0,1
BRDA:42,0,1,0
BRDA:43,0,0,1
BRDA:43,0,1,0
BRDA:55,0,0,1
BRDA:55,0,1,0
BRDA:56,0,0,1
BRDA:56,0,1,0
BRDA:57,0,0,1
BRDA:57,0,1,0
BRF:24
BRH:12
DA:7,1
DA:8,1
DA:9,1
DA:12,1
DA:13,1
DA:14,1
DA:15,1
DA:16,1
DA:17,1
DA:18,1
DA:19,1
DA:22,1
DA:23,1
DA:24,1
DA:25,1
DA:26,1
DA:28,1
DA:29,1
DA:30,1
DA:31,1
DA:32,1
DA:35,1
DA:36,1
DA:37,1
DA:38,1
DA:40,1
DA:41,1
DA:42,1
DA:43,1
DA:44,1
DA:47,1
DA:48,1
DA:49,1
DA:50,1
DA:51,1
DA:53,1
DA:54,1
DA:55,1
DA:56,1
DA:57,1
DA:58,1
DA:61,79
DA:62,79
DA:63,79
DA:65,79
DA:66,79
DA:67,79
DA:68,79
DA:69,79
DA:71,79
DA:72,79
LF:51
LH:51
end_of_record
TN:
SF:/home/user/PROJECTS/C6_s21_matrix.ID_353530-1/src/tests/sub_test.c
FN:123,139,sub_suite
FN:14,18,sub_incorr2_fn
FN:21,25,sub_incorr3_fn
FN:28,30,sub_incorr4_fn
FN:33,38,sub_incorr5_fn
FN:41,50,sub_incorr6_fn
FN:53,62,sub_incorr7_fn
FN:65,91,sub_corr1_fn
FN:7,11,sub_incorr1_fn
FN:94,120,sub_corr2_fn
FNDA:79,sub_suite
FNDA:1,sub_incorr2_fn
FNDA:1,sub_incorr3_fn
FNDA:1,sub_incorr4_fn
FNDA:1,sub_incorr5_fn
FNDA:1,sub_incorr6_fn
FNDA:1,sub_incorr7_fn
FNDA:1,sub_corr1_fn
FNDA:1,sub_incorr1_fn
FNDA:1,sub_corr2_fn
FNF:10
FNH:10
BRDA:10,0,0,1
BRDA:10,0,1,0
BRDA:17,0,0,1
BRDA:17,0,1,0
BRDA:24,0,0,1
BRDA:24,0,1,0
BRDA:29,0,0,1
BRDA:29,0,1,0
BRDA:37,0,0,1
BRDA:37,0,1,0
BRDA:47,0,0,1
BRDA:47,0,1,0
BRDA:59,0,0,1
BRDA:59,0,1,0
BRDA:79,0,0,1
BRDA:79,0,1,0
BRDA:85,0,0,1
BRDA:85,0,1,0
BRDA:108,0,0,1
BRDA:108,0,1,0
BRDA:114,0,0,1
BRDA:114,0,1,0
BRF:22
BRH:11
DA:7,1
DA:8,1
DA:9,1
DA:10,1
DA:11,1
DA:14,1
DA:15,1
DA:17,1
DA:18,1
DA:21,1
DA:22,1
DA:24,1
DA:25,1
DA:28,1
DA:29,1
DA:30,1
DA:33,1
DA:34,1
DA:35,1
DA:37,1
DA:38,1
DA:41,1
DA:45,1
DA:46,1
DA:47,1
DA:48,1
DA:49,1
DA:50,1
DA:53,1
DA:57,1
DA:58,1
DA:59,1
DA:60,1
DA:61,1
DA:62,1
DA:65,1
DA:71,1
DA:72,1
DA:73,1
DA:75,1
DA:76,1
DA:77,1
DA:79,1
DA:81,1
DA:82,1
DA:83,1
DA:85,1
DA:87,1
DA:88,1
DA:89,1
DA:90,1
DA:91,1
DA:94,1
DA:100,1
DA:101,1
DA:102,1
DA:104,1
DA:105,1
DA:106,1
DA:108,1
DA:110,1
DA:111,1
DA:112,1
DA:114,1
DA:116,1
DA:117,1
DA:118,1
DA:119,1
DA:120,1
DA:123,79
DA:124,79
DA:125,79
DA:127,79
DA:128,79
DA:129,79
DA:130,79
DA:131,79
DA:132,79
DA:133,79
DA:134,79
DA:135,79
DA:137,79
DA:138,79
LF:83
LH:83
end_of_record
TN:
SF:/home/user/PROJECTS/C6_s21_matrix.ID_353530-1/src/tests/sum_test.c
FN:123,139,sum_suite
FN:14,18,sum_incorr2_fn
FN:21,25,sum_incorr3_fn
FN:28,30,sum_incorr4_fn
FN:33,38,sum_incorr5_fn
FN:41,50,sum_incorr6_fn
FN:53,62,sum_incorr7_fn
FN:65,91,sum_corr1_fn
FN:7,11,sum_incorr1_fn
FN:94,120,sum_corr2_fn
FNDA:79,sum_suite
FNDA:1,sum_incorr2_fn
FNDA:1,sum_incorr3_fn
FNDA:1,sum_incorr4_fn
FNDA:1,sum_incorr5_fn
FNDA:1,sum_incorr6_fn
FNDA:1,sum_incorr7_fn
FNDA:1,sum_corr1_fn
FNDA:1,sum_incorr1_fn
FNDA:1,sum_corr2_fn
FNF:10
FNH:10
BRDA:10,0,0,1
BRDA:10,0,1,0
BRDA:17,0,0,1
BRDA:17,0,1,0
BRDA:24,0,0,1
BRDA:24,0,1,0
BRDA:29,0,0,1
BRDA:29,0,1,0
BRDA:37,0,0,1
BRDA:37,0,1,0
BRDA:47,0,0,1
BRDA:47,0,1,0
BRDA:59,0,0,1
BRDA:59,0,1,0
BRDA:79,0,0,1
BRDA:79,0,1,0
BRDA:85,0,0,1
BRDA:85,0,1,0
BRDA:108,0,0,1
BRDA:108,0,1,0
BRDA:114,0,0,1
BRDA:114,0,1,0
BRF:22
BRH:11
DA:7,1
DA:8,1
DA:9,1
DA:10,1
DA:11,1
DA:14,1
DA:15,1
DA:17,1
DA:18,1
DA:21,1
DA:22,1
DA:24,1
DA:25,1
DA:28,1
DA:29,1
DA:30,1
DA:33,1
DA:34,1
DA:35,1
DA:37,1
DA:38,1
DA:41,1
DA:45,1
DA:46,1
DA:47,1
DA:48,1
DA:49,1
DA:50,1
DA:53,1
DA:57,1
DA:58,1
DA:59,1
DA:60,1
DA:61,1
DA:62,1
DA:65,1
DA:71,1
DA:72,1
DA:73,1
DA:75,1
DA:76,1
DA:77,1
DA:79,1
DA:81,1
DA:82,1
DA:83,1
DA:85,1
DA:87,1
DA:88,1
DA:89,1
DA:90,1
DA:91,1
DA:94,1
DA:100,1
DA:101,1
DA:102,1
DA:104,1
DA:105,1
DA:106,1
DA:108,1
DA:110,1
DA:111,1
DA:112,1
DA:114,1
DA:116,1
DA:117,1
DA:118,1
DA:119,1
DA:120,1
DA:123,79
DA:124,79
DA:125,79
DA:127,79
DA:128,79
DA:129,79
DA:130,79
DA:131,79
DA:132,79
DA:133,79
DA:134,79
DA:135,79
DA:137,79
DA:138,79
LF:83
LH:83
end_of_record
TN:
SF:/home/user/PROJECTS/C6_s21_matrix.ID_353530-1/src/tests/test_main.c
FN:14,32,main
FNDA:79,main
FNF:1
FNH:1
DA:14,79
DA:15,79
DA:17,79
DA:18,79
DA:19,79
DA:20,79
DA:21,79
DA:22,79
DA:23,79
DA:24,79
DA:25,79
DA:27,79
DA:28,1
DA:29,1
DA:31,1
LF:15
LH:15
end_of_record
TN:
SF:/home/user/PROJECTS/C6_s21_matrix.ID_353530-1/src/tests/transpose_test.c
FN:116,130,transpose_suite
FN:13,16,transpose_incorr2_fn
FN:19,21,transpose_incorr3_fn
FN:24,44,transpose_corr1_fn
FN:47,67,transpose_corr2_fn
FN:7,10,transpose_incorr1_fn
FN:70,90,transpose_corr3_fn
FN:93,113,transpose_corr4_fn
FNDA:79,transpose_suite
FNDA:1,transpose_incorr2_fn
FNDA:1,transpose_incorr3_fn
FNDA:1,transpose_corr1_fn
FNDA:1,transpose_corr2_fn
FNDA:1,transpose_incorr1_fn
FNDA:1,transpose_corr3_fn
FNDA:1,transpose_corr4_fn
FNF:8
FNH:8
BRDA:9,0,0,1
BRDA:9,0,1,0
BRDA:15,0,0,1
BRDA:15,0,1,0
BRDA:20,0,0,1
BRDA:20,0,1,0
BRDA:33,0,0,1
BRDA:33,0,1,0
BRDA:39,0,0,1
BRDA:39,0,1,0
BRDA:56,0,0,1
BRDA:56,0,1,0
BRDA:62,0,0,1
BRDA:62,0,1,0
BRDA:79,0,0,1
BRDA:79,0,1,0
BRDA:85,0,0,1
BRDA:85,0,1,0
BRDA:102,0,0,1
BRDA:102,0,1,0
BRDA:108,0,0,1
BRDA:108,0,1,0
BRF:22
BRH:11
DA:7,1
DA:8,1
DA:9,1
DA:10,1
DA:13,1
DA:15,1
DA:16,1
DA:19,1
DA:20,1
DA:21,1
DA:24,1
DA:29,1
DA:30,1
DA:31,1
DA:33,1
DA:35,1
DA:36,1
DA:37,1
DA:39,1
DA:41,1
DA:42,1
DA:43,1
DA:44,1
DA:47,1
DA:52,1
DA:53,1
DA:54,1
DA:56,1
DA:58,1
DA:59,1
DA:60,1
DA:62,1
DA:64,1
DA:65,1
DA:66,1
DA:67,1
DA:70,1
DA:75,1
DA:76,1
DA:77,1
DA:79,1
DA:81,1
DA:82,1
DA:83,1
DA:85,1
DA:87,1
DA:88,1
DA:89,1
DA:90,1
DA:93,1
DA:98,1
DA:99,1
DA:100,1
DA:102,1
DA:104,1
DA:105,1
DA:106,1
DA:108,1
DA:110,1
DA:111,1
DA:112,1
DA:113,1
DA:116,79
DA:117,79
DA:118,79
DA:120,79
DA:121,79
DA:122,79
DA:123,79
DA:124,79
DA:125,79
DA:126,79
DA:128,79
DA:129,79
LF:74
LH:74
end_of_record
