TN:
SF:/home/user/PROJECTS/C6_s21_matrix.ID_353530-1/src/s21_create_matrix.c
FN:3,17,s21_create_matrix
FNDA:129,s21_create_matrix
FNF:1
FNH:1
BRDA:4,0,0,128
BRDA:4,0,1,1
BRDA:4,0,2,127
BRDA:4,0,3,1
BRDA:4,0,4,1
BRDA:4,0,5,126
BRDA:12,0,0,266
BRDA:12,0,1,126
BRF:8
BRH:8
DA:3,129
DA:4,129
DA:5,3
DA:8,126
DA:9,126
DA:11,126
DA:12,392
DA:13,266
DA:16,126
LF:9
LH:9
end_of_record
TN:
SF:/home/user/PROJECTS/C6_s21_matrix.ID_353530-1/src/s21_determinant.c
FN:5,51,s21_determinant
FNDA:12,s21_determinant
FNF:1
FNH:1
BRDA:6,0,0,9
BRDA:6,0,1,3
BRDA:6,0,2,0
BRDA:6,0,3,9
BRDA:11,0,0,2
BRDA:11,0,1,7
BRDA:15,0,0,7
BRDA:15,0,1,2
BRDA:16,0,0,1
BRDA:16,0,1,6
BRDA:16,0,2,1
BRDA:16,0,3,0
BRDA:18,0,0,1
BRDA:18,0,1,5
BRDA:26,0,0,13
BRDA:26,0,1,5
BRDA:27,0,0,25
BRDA:27,0,1,13
BRDA:29,0,0,24
BRDA:29,0,1,1
BRDA:30,0,0,2
BRDA:30,0,1,22
BRDA:43,0,0,13
BRDA:43,0,1,5
BRF:24
BRH:22
DA:5,12
DA:6,12
DA:7,3
DA:10,9
DA:11,9
DA:12,2
DA:15,9
DA:16,7
DA:17,1
DA:18,6
DA:19,1
DA:22,5
DA:23,5
DA:24,5
DA:26,18
DA:27,38
DA:28,25
DA:29,25
DA:30,24
DA:31,2
DA:32,2
DA:34,22
DA:35,22
DA:36,22
DA:37,22
DA:42,5
DA:43,18
DA:44,13
DA:46,5
DA:50,9
LF:30
LH:30
end_of_record
TN:
SF:/home/user/PROJECTS/C6_s21_matrix.ID_353530-1/src/s21_eq_matrix.c
FN:4,24,s21_eq_matrix
FNDA:29,s21_eq_matrix
FNF:1
FNH:1
BRDA:5,0,0,26
BRDA:5,0,1,3
BRDA:5,0,2,0
BRDA:5,0,3,26
BRDA:11,0,0,25
BRDA:11,0,1,1
BRDA:11,0,2,1
BRDA:11,0,3,24
BRDA:15,0,0,61
BRDA:15,0,1,7
BRDA:15,0,2,42
BRDA:15,0,3,19
BRDA:16,0,0,126
BRDA:16,0,1,5
BRDA:16,0,2,89
BRDA:16,0,3,37
BRDA:17,0,0,5
BRDA:17,0,1,84
BRF:18
BRH:17
DA:4,29
DA:5,29
DA:6,3
DA:9,26
DA:11,26
DA:12,2
DA:15,68
DA:16,131
DA:17,89
DA:18,5
DA:23,26
LF:11
LH:11
end_of_record
TN:
SF:/home/user/PROJECTS/C6_s21_matrix.ID_353530-1/src/s21_helpers.c
FN:105,111,s21_mul_compl
FN:113,121,s21_clean_matrix
FN:16,22,s21_init_matrix
FN:25,32,s21_print_matrix
FN:34,38,s21_mult_number_str_matrix
FN:4,6,is_valid_matrix
FN:40,44,s21_sub_matrix_str
FN:46,74,zero_row_col_check
FN:76,83,s21_change_rows
FN:8,14,s21_copy_matrix
FN:85,89,s21_mul_neg1
FN:91,103,s21_init_minor_matrix
FNDA:0,s21_mul_compl
FNDA:0,s21_clean_matrix
FNDA:65,s21_init_matrix
FNDA:0,s21_print_matrix
FNDA:22,s21_mult_number_str_matrix
FNDA:117,is_valid_matrix
FNDA:22,s21_sub_matrix_str
FNDA:6,zero_row_col_check
FNDA:2,s21_change_rows
FNDA:5,s21_copy_matrix
FNDA:2,s21_mul_neg1
FNDA:0,s21_init_minor_matrix
FNF:12
FNH:8
BRDA:5,0,0,103
BRDA:5,0,1,14
BRDA:5,0,2,90
BRDA:5,0,3,13
BRDA:5,0,4,90
BRDA:5,0,5,0
BRDA:5,0,6,90
BRDA:5,0,7,0
BRDA:9,0,0,18
BRDA:9,0,1,5
BRDA:10,0,0,68
BRDA:10,0,1,18
BRDA:17,0,0,131
BRDA:17,0,1,65
BRDA:18,0,0,323
BRDA:18,0,1,131
BRDA:26,0,0,-
BRDA:26,0,1,-
BRDA:27,0,0,-
BRDA:27,0,1,-
BRDA:35,0,0,89
BRDA:35,0,1,22
BRDA:41,0,0,89
BRDA:41,0,1,22
BRDA:49,0,0,20
BRDA:49,0,1,5
BRDA:49,0,2,19
BRDA:49,0,3,1
BRDA:51,0,0,71
BRDA:51,0,1,19
BRDA:52,0,0,9
BRDA:52,0,1,62
BRDA:56,0,0,1
BRDA:56,0,1,18
BRDA:61,0,0,19
BRDA:61,0,1,5
BRDA:61,0,2,18
BRDA:61,0,3,1
BRDA:63,0,0,68
BRDA:63,0,1,18
BRDA:64,0,0,6
BRDA:64,0,1,62
BRDA:68,0,0,0
BRDA:68,0,1,18
BRDA:78,0,0,9
BRDA:78,0,1,2
BRDA:86,0,0,9
BRDA:86,0,1,2
BRDA:93,0,0,-
BRDA:93,0,1,-
BRDA:95,0,0,-
BRDA:95,0,1,-
BRDA:95,0,2,-
BRDA:95,0,3,-
BRDA:96,0,0,-
BRDA:96,0,1,-
BRDA:101,0,0,-
BRDA:101,0,1,-
BRDA:106,0,0,-
BRDA:106,0,1,-
BRDA:107,0,0,-
BRDA:107,0,1,-
BRDA:114,0,0,-
BRDA:114,0,1,-
BRDA:115,0,0,-
BRDA:115,0,1,-
BRF:66
BRH:41
DA:4,117
DA:5,117
DA:8,5
DA:9,23
DA:10,86
DA:11,68
DA:14,5
DA:16,65
DA:17,196
DA:18,454
DA:19,323
DA:22,65
DA:25,0
DA:26,0
DA:27,0
DA:28,0
DA:30,0
DA:32,0
DA:34,22
DA:35,111
DA:36,89
DA:38,22
DA:40,22
DA:41,111
DA:42,89
DA:44,22
DA:46,6
DA:47,6
DA:49,25
DA:50,19
DA:51,90
DA:52,71
DA:53,9
DA:56,19
DA:57,1
DA:61,24
DA:62,18
DA:63,86
DA:64,68
DA:65,6
DA:68,18
DA:69,0
DA:73,6
DA:76,2
DA:78,11
DA:79,9
DA:80,9
DA:81,9
DA:83,2
DA:85,2
DA:86,11
DA:87,9
DA:89,2
DA:91,0
DA:92,0
DA:93,0
DA:94,0
DA:95,0
DA:96,0
DA:97,0
DA:98,0
DA:101,0
DA:103,0
DA:105,0
DA:106,0
DA:107,0
DA:108,0
DA:111,0
DA:113,0
DA:114,0
DA:115,0
DA:116,0
DA:119,0
DA:120,0
DA:121,0
LF:75
LH:46
end_of_record
TN:
SF:/home/user/PROJECTS/C6_s21_matrix.ID_353530-1/src/s21_mult_matrix.c
FN:4,27,s21_mult_matrix
FNDA:8,s21_mult_matrix
FNF:1
FNH:1
BRDA:5,0,0,3
BRDA:5,0,1,5
BRDA:5,0,2,3
BRDA:5,0,3,0
BRDA:5,0,4,0
BRDA:5,0,5,3
BRDA:11,0,0,1
BRDA:11,0,1,2
BRDA:13,0,0,2
BRDA:13,0,1,1
BRDA:15,0,0,5
BRDA:15,0,1,1
BRDA:15,0,2,3
BRDA:15,0,3,2
BRDA:16,0,0,5
BRDA:16,0,1,3
BRDA:19,0,0,9
BRDA:19,0,1,5
BRF:18
BRH:16
DA:4,8
DA:5,8
DA:6,5
DA:9,3
DA:11,3
DA:13,3
DA:15,6
DA:16,8
DA:17,5
DA:18,5
DA:19,14
DA:20,9
DA:21,9
DA:26,3
LF:14
LH:14
end_of_record
TN:
SF:/home/user/PROJECTS/C6_s21_matrix.ID_353530-1/src/s21_mult_number.c
FN:4,18,s21_mult_number
FNDA:6,s21_mult_number
FNF:1
FNH:1
BRDA:5,0,0,3
BRDA:5,0,1,3
BRDA:5,0,2,0
BRDA:5,0,3,3
BRDA:11,0,0,5
BRDA:11,0,1,3
BRDA:12,0,0,11
BRDA:12,0,1,5
BRF:8
BRH:7
DA:4,6
DA:5,6
DA:6,3
DA:9,3
DA:11,8
DA:12,16
DA:13,11
DA:17,3
LF:8
LH:8
end_of_record
TN:
SF:/home/user/PROJECTS/C6_s21_matrix.ID_353530-1/src/s21_remove_matrix.c
FN:3,15,s21_remove_matrix
FNDA:126,s21_remove_matrix
FNF:1
FNH:1
BRDA:4,0,0,1
BRDA:4,0,1,125
BRDA:6,0,0,123
BRDA:6,0,1,2
BRDA:7,0,0,263
BRDA:7,0,1,123
BRF:6
BRH:6
DA:3,126
DA:4,126
DA:6,125
DA:7,386
DA:8,263
DA:10,123
DA:12,125
DA:13,125
DA:14,125
LF:9
LH:9
end_of_record
TN:
SF:/home/user/PROJECTS/C6_s21_matrix.ID_353530-1/src/s21_sub_matrix.c
FN:4,25,s21_sub_matrix
FNDA:9,s21_sub_matrix
FNF:1
FNH:1
BRDA:5,0,0,4
BRDA:5,0,1,5
BRDA:5,0,2,4
BRDA:5,0,3,0
BRDA:5,0,4,0
BRDA:5,0,5,4
BRDA:11,0,0,3
BRDA:11,0,1,1
BRDA:11,0,2,1
BRDA:11,0,3,2
BRDA:15,0,0,2
BRDA:15,0,1,2
BRDA:17,0,0,4
BRDA:17,0,1,2
BRDA:18,0,0,10
BRDA:18,0,1,4
BRF:16
BRH:14
DA:4,9
DA:5,9
DA:6,5
DA:9,4
DA:11,4
DA:12,2
DA:15,4
DA:16,2
DA:17,6
DA:18,14
DA:19,10
DA:24,4
LF:12
LH:12
end_of_record
TN:
SF:/home/user/PROJECTS/C6_s21_matrix.ID_353530-1/src/s21_sum_matrix.c
FN:4,24,s21_sum_matrix
FNDA:9,s21_sum_matrix
FNF:1
FNH:1
BRDA:5,0,0,4
BRDA:5,0,1,5
BRDA:5,0,2,4
BRDA:5,0,3,0
BRDA:5,0,4,0
BRDA:5,0,5,4
BRDA:11,0,0,3
BRDA:11,0,1,1
BRDA:11,0,2,1
BRDA:11,0,3,2
BRDA:15,0,0,2
BRDA:15,0,1,2
BRDA:17,0,0,4
BRDA:17,0,1,2
BRDA:18,0,0,10
BRDA:18,0,1,4
BRF:16
BRH:14
DA:4,9
DA:5,9
DA:6,5
DA:9,4
DA:11,4
DA:12,2
DA:15,4
DA:16,2
DA:17,6
DA:18,14
DA:19,10
DA:23,4
LF:12
LH:12
end_of_record
TN:
SF:/home/user/PROJECTS/C6_s21_matrix.ID_353530-1/src/s21_transpose.c
FN:4,17,s21_transpose
FNDA:7,s21_transpose
FNF:1
FNH:1
BRDA:5,0,0,4
BRDA:5,0,1,3
BRDA:5,0,2,0
BRDA:5,0,3,4
BRDA:10,0,0,9
BRDA:10,0,1,4
BRDA:11,0,0,18
BRDA:11,0,1,9
BRF:8
BRH:7
DA:4,7
DA:5,7
DA:6,3
DA:9,4
DA:10,13
DA:11,27
DA:12,18
DA:16,4
LF:8
LH:8
end_of_record
